<?xml version="1.0" encoding="UTF-8"?>
<testsuite name="id.ac.ui.cs.advprog.afk3.Afk3ApplicationTests" tests="1" skipped="0" failures="0" errors="0" timestamp="2024-04-16T10:51:39" hostname="X13K" time="1.414">
  <properties/>
  <testcase name="contextLoads()" classname="id.ac.ui.cs.advprog.afk3.Afk3ApplicationTests" time="1.414"/>
  <system-out><![CDATA[17:51:35.151 [Test worker] INFO org.springframework.test.context.support.AnnotationConfigContextLoaderUtils -- Could not detect default configuration classes for test class [id.ac.ui.cs.advprog.afk3.Afk3ApplicationTests]: Afk3ApplicationTests does not declare any static, non-private, non-final, nested classes annotated with @Configuration.
17:51:35.400 [Test worker] INFO org.springframework.boot.test.context.SpringBootTestContextBootstrapper -- Found @SpringBootConfiguration id.ac.ui.cs.advprog.afk3.Afk3Application for test class id.ac.ui.cs.advprog.afk3.Afk3ApplicationTests

  .   ____          _            __ _ _
 /\\ / ___'_ __ _ _(_)_ __  __ _ \ \ \ \
( ( )\___ | '_ | '_| | '_ \/ _` | \ \ \ \
 \\/  ___)| |_)| | | | | || (_| |  ) ) ) )
  '  |____| .__|_| |_|_| |_\__, | / / / /
 =========|_|==============|___/=/_/_/_/
 :: Spring Boot ::                (v3.2.4)

2024-04-16T17:51:36.366+07:00  INFO 24160 --- [afk3] [    Test worker] i.a.u.c.a.afk3.Afk3ApplicationTests      : Starting Afk3ApplicationTests using Java 21.0.2 with PID 24160 (started by Jim in C:\Users\Jim\Desktop\UI\SEM4\Adpro\afk3)
2024-04-16T17:51:36.370+07:00  INFO 24160 --- [afk3] [    Test worker] i.a.u.c.a.afk3.Afk3ApplicationTests      : The following 1 profile is active: "dev"
zczc id.ac.ui.cs.advprog.afk3.model.UserEntity@21084a6d
2024-04-16T17:51:38.644+07:00  INFO 24160 --- [afk3] [    Test worker] o.s.s.web.DefaultSecurityFilterChain     : Will secure any request with [org.springframework.security.web.session.DisableEncodeUrlFilter@5457123a, org.springframework.security.web.context.request.async.WebAsyncManagerIntegrationFilter@4690a37e, org.springframework.security.web.context.SecurityContextHolderFilter@d91e8c7, org.springframework.security.web.header.HeaderWriterFilter@4778c085, org.springframework.web.filter.CorsFilter@23f27434, org.springframework.security.web.authentication.logout.LogoutFilter@19ce597a, id.ac.ui.cs.advprog.afk3.security.JwtAuthFilter@43e6f05f, org.springframework.security.web.authentication.www.BasicAuthenticationFilter@3524ee20, org.springframework.security.web.savedrequest.RequestCacheAwareFilter@66011fbc, org.springframework.security.web.servletapi.SecurityContextHolderAwareRequestFilter@77afdbc5, org.springframework.security.web.authentication.AnonymousAuthenticationFilter@2fccfcdb, org.springframework.security.web.session.SessionManagementFilter@7c6557da, org.springframework.security.web.access.ExceptionTranslationFilter@1a899fcd, org.springframework.security.web.access.intercept.FilterSecurityInterceptor@252f00ba]
2024-04-16T17:51:39.145+07:00  INFO 24160 --- [afk3] [    Test worker] i.a.u.c.a.afk3.Afk3ApplicationTests      : Started Afk3ApplicationTests in 3.339 seconds (process running for 6.318)
]]></system-out>
  <system-err><![CDATA[WARNING: A Java agent has been loaded dynamically (C:\Users\Jim\.gradle\caches\modules-2\files-2.1\net.bytebuddy\byte-buddy-agent\1.14.12\be4984cb6fd1ef1d11f218a648889dfda44b8a15\byte-buddy-agent-1.14.12.jar)
WARNING: If a serviceability tool is in use, please run with -XX:+EnableDynamicAgentLoading to hide this warning
WARNING: If a serviceability tool is not in use, please run with -Djdk.instrument.traceUsage for more information
WARNING: Dynamic loading of agents will be disallowed by default in a future release
]]></system-err>
</testsuite>
